  .   ____          _            __ _ _
 /\\ / ___'_ __ _ _(_)_ __  __ _ \ \ \ \
( ( )\___ | '_ | '_| | '_ \/ _` | \ \ \ \
 \\/  ___)| |_)| | | | | || (_| |  ) ) ) )
  '  |____| .__|_| |_|_| |_\__, | / / / /
 =========|_|==============|___/=/_/_/_/

 :: Spring Boot ::                (v3.3.0)

2026-07-16T13:13:52.900-05:00  INFO 26880 --- [sistema-ropa-backend] [           main] com.tiendaropa.TiendaRopaApplication     : Starting TiendaRopaApplication v1.0.0 using Java 24.0.1 with PID 26880 (D:\desarrollos\sistema-ropa\backend\target\sistema-ropa-1.0.0.jar started by Asus VivoBook in C:\)
2026-07-16T13:13:52.904-05:00  INFO 26880 --- [sistema-ropa-backend] [           main] com.tiendaropa.TiendaRopaApplication     : The following 1 profile is active: "dev"
2026-07-16T13:13:54.449-05:00  INFO 26880 --- [sistema-ropa-backend] [           main] .s.d.r.c.RepositoryConfigurationDelegate : Multiple Spring Data modules found, entering strict repository configuration mode
2026-07-16T13:13:54.452-05:00  INFO 26880 --- [sistema-ropa-backend] [           main] .s.d.r.c.RepositoryConfigurationDelegate : Bootstrapping Spring Data JPA repositories in DEFAULT mode.
2026-07-16T13:13:54.675-05:00  INFO 26880 --- [sistema-ropa-backend] [           main] .s.d.r.c.RepositoryConfigurationDelegate : Finished Spring Data repository scanning in 209 ms. Found 7 JPA repository interfaces.
2026-07-16T13:13:54.699-05:00  INFO 26880 --- [sistema-ropa-backend] [           main] .s.d.r.c.RepositoryConfigurationDelegate : Multiple Spring Data modules found, entering strict repository configuration mode
2026-07-16T13:13:54.701-05:00  INFO 26880 --- [sistema-ropa-backend] [           main] .s.d.r.c.RepositoryConfigurationDelegate : Bootstrapping Spring Data Redis repositories in DEFAULT mode.
2026-07-16T13:13:54.724-05:00  INFO 26880 --- [sistema-ropa-backend] [           main] .RepositoryConfigurationExtensionSupport : Spring Data Redis - Could not safely identify store assignment for repository candidate interface com.tiendaropa.domain.repository.ClienteRepository; If you want this repository to be a Redis repository, consider annotating your entities with one of these annotations: org.springframework.data.redis.core.RedisHash (preferred), or consider extending one of the following types with your repository: org.springframework.data.keyvalue.repository.KeyValueRepository
2026-07-16T13:13:54.726-05:00  INFO 26880 --- [sistema-ropa-backend] [           main] .RepositoryConfigurationExtensionSupport : Spring Data Redis - Could not safely identify store assignment for repository candidate interface com.tiendaropa.domain.repository.LoteRepository; If you want this repository to be a Redis repository, consider annotating your entities with one of these annotations: org.springframework.data.redis.core.RedisHash (preferred), or consider extending one of the following types with your repository: org.springframework.data.keyvalue.repository.KeyValueRepository
2026-07-16T13:13:54.727-05:00  INFO 26880 --- [sistema-ropa-backend] [           main] .RepositoryConfigurationExtensionSupport : Spring Data Redis - Could not safely identify store assignment for repository candidate interface com.tiendaropa.domain.repository.PedidoEventoRepository; If you want this repository to be a Redis repository, consider annotating your entities with one of these annotations: org.springframework.data.redis.core.RedisHash (preferred), or consider extending one of the following types with your repository: org.springframework.data.keyvalue.repository.KeyValueRepository
2026-07-16T13:13:54.728-05:00  INFO 26880 --- [sistema-ropa-backend] [           main] .RepositoryConfigurationExtensionSupport : Spring Data Redis - Could not safely identify store assignment for repository candidate interface com.tiendaropa.domain.repository.PedidoRepository; If you want this repository to be a Redis repository, consider annotating your entities with one of these annotations: org.springframework.data.redis.core.RedisHash (preferred), or consider extending one of the following types with your repository: org.springframework.data.keyvalue.repository.KeyValueRepository
2026-07-16T13:13:54.730-05:00  INFO 26880 --- [sistema-ropa-backend] [           main] .RepositoryConfigurationExtensionSupport : Spring Data Redis - Could not safely identify store assignment for repository candidate interface com.tiendaropa.domain.repository.PrendaRepository; If you want this repository to be a Redis repository, consider annotating your entities with one of these annotations: org.springframework.data.redis.core.RedisHash (preferred), or consider extending one of the following types with your repository: org.springframework.data.keyvalue.repository.KeyValueRepository
2026-07-16T13:13:54.731-05:00  INFO 26880 --- [sistema-ropa-backend] [           main] .RepositoryConfigurationExtensionSupport : Spring Data Redis - Could not safely identify store assignment for repository candidate interface com.tiendaropa.domain.repository.SolicitudEnvioRepository; If you want this repository to be a Redis repository, consider annotating your entities with one of these annotations: org.springframework.data.redis.core.RedisHash (preferred), or consider extending one of the following types with your repository: org.springframework.data.keyvalue.repository.KeyValueRepository
2026-07-16T13:13:54.732-05:00  INFO 26880 --- [sistema-ropa-backend] [           main] .RepositoryConfigurationExtensionSupport : Spring Data Redis - Could not safely identify store assignment for repository candidate interface com.tiendaropa.domain.repository.WaMensajeRepository; If you want this repository to be a Redis repository, consider annotating your entities with one of these annotations: org.springframework.data.redis.core.RedisHash (preferred), or consider extending one of the following types with your repository: org.springframework.data.keyvalue.repository.KeyValueRepository
2026-07-16T13:13:54.732-05:00  INFO 26880 --- [sistema-ropa-backend] [           main] .s.d.r.c.RepositoryConfigurationDelegate : Finished Spring Data repository scanning in 15 ms. Found 0 Redis repository interfaces.
2026-07-16T13:13:56.023-05:00  INFO 26880 --- [sistema-ropa-backend] [           main] o.s.b.w.embedded.tomcat.TomcatWebServer  : Tomcat initialized with port 8080 (http)
2026-07-16T13:13:56.067-05:00  INFO 26880 --- [sistema-ropa-backend] [           main] o.apache.catalina.core.StandardService   : Starting service [Tomcat]
2026-07-16T13:13:56.069-05:00  INFO 26880 --- [sistema-ropa-backend] [           main] o.apache.catalina.core.StandardEngine    : Starting Servlet engine: [Apache Tomcat/10.1.24]
2026-07-16T13:13:56.238-05:00  INFO 26880 --- [sistema-ropa-backend] [           main] o.a.c.c.C.[Tomcat].[localhost].[/]       : Initializing Spring embedded WebApplicationContext
2026-07-16T13:13:56.241-05:00  INFO 26880 --- [sistema-ropa-backend] [           main] w.s.c.ServletWebServerApplicationContext : Root WebApplicationContext: initialization completed in 3216 ms
2026-07-16T13:13:57.375-05:00  INFO 26880 --- [sistema-ropa-backend] [           main] o.hibernate.jpa.internal.util.LogHelper  : HHH000204: Processing PersistenceUnitInfo [name: default]
2026-07-16T13:13:57.584-05:00  INFO 26880 --- [sistema-ropa-backend] [           main] org.hibernate.Version                    : HHH000412: Hibernate ORM core version 6.5.2.Final
2026-07-16T13:13:57.732-05:00  INFO 26880 --- [sistema-ropa-backend] [           main] o.h.c.internal.RegionFactoryInitiator    : HHH000026: Second-level cache disabled
2026-07-16T13:13:58.472-05:00  INFO 26880 --- [sistema-ropa-backend] [           main] o.s.o.j.p.SpringPersistenceUnitInfo      : No LoadTimeWeaver setup: ignoring JPA class transformer
2026-07-16T13:13:58.517-05:00  INFO 26880 --- [sistema-ropa-backend] [           main] com.zaxxer.hikari.HikariDataSource       : HikariPool-1 - Starting...
2026-07-16T13:13:58.920-05:00  INFO 26880 --- [sistema-ropa-backend] [           main] com.zaxxer.hikari.pool.HikariPool        : HikariPool-1 - Added connection org.postgresql.jdbc.PgConnection@2bb3f39e
2026-07-16T13:13:58.924-05:00  INFO 26880 --- [sistema-ropa-backend] [           main] com.zaxxer.hikari.HikariDataSource       : HikariPool-1 - Start completed.
2026-07-16T13:13:58.993-05:00  WARN 26880 --- [sistema-ropa-backend] [           main] org.hibernate.orm.deprecation            : HHH90000025: PostgreSQLDialect does not need to be specified explicitly using 'hibernate.dialect' (remove the property setting and it will be selected by default)
2026-07-16T13:14:00.280-05:00  INFO 26880 --- [sistema-ropa-backend] [           main] o.h.e.t.j.p.i.JtaPlatformInitiator       : HHH000489: No JTA platform available (set 'hibernate.transaction.jta.platform' to enable JTA platform integration)
Hibernate: 
    alter table if exists pedido_eventos 
       alter column estado set data type estado_pedido
Hibernate: 
    alter table if exists pedido_eventos 
       alter column nota set data type text
Hibernate: 
    alter table if exists pedidos 
       alter column estado set data type estado_pedido
Hibernate: 
    alter table if exists prendas 
       alter column estado set data type estado_prenda
Hibernate: 
    create table solicitudes_envio (
        id uuid not null,
        barrio varchar(80),
        cedula varchar(30),
        ciudad varchar(80),
        created_at timestamp(6) with time zone,
        direccion text,
        estado varchar(20),
        nombre_completo varchar(120),
        notas text,
        telefono varchar(20),
        updated_at timestamp(6) with time zone,
        whatsapp varchar(20) not null,
        cliente_id uuid,
        primary key (id)
    )
Hibernate: 
    alter table if exists wa_mensajes 
       alter column contenido set data type text
Hibernate: 
    alter table if exists wa_plantillas 
       alter column cuerpo set data type text
Hibernate: 
    alter table if exists solicitudes_envio 
       add constraint FKm3x0vwmbtep7o7jjt7ey20ga7 
       foreign key (cliente_id) 
       references clientes
2026-07-16T13:14:00.523-05:00  INFO 26880 --- [sistema-ropa-backend] [           main] j.LocalContainerEntityManagerFactoryBean : Initialized JPA EntityManagerFactory for persistence unit 'default'
2026-07-16T13:14:01.173-05:00  INFO 26880 --- [sistema-ropa-backend] [           main] o.s.d.j.r.query.QueryEnhancerFactory     : Hibernate is in classpath; If applicable, HQL parser will be used.
2026-07-16T13:14:02.137-05:00  WARN 26880 --- [sistema-ropa-backend] [           main] JpaBaseConfiguration$JpaWebConfiguration : spring.jpa.open-in-view is enabled by default. Therefore, database queries may be performed during view rendering. Explicitly configure spring.jpa.open-in-view to disable this warning
2026-07-16T13:14:02.166-05:00  WARN 26880 --- [sistema-ropa-backend] [           main] .s.s.UserDetailsServiceAutoConfiguration : 

Using generated security password: d0b3adb7-6a03-45db-8135-963a952d59ad

This generated password is for development use only. Your security configuration must be updated before running your application in production.

2026-07-16T13:14:02.303-05:00  INFO 26880 --- [sistema-ropa-backend] [           main] r$InitializeUserDetailsManagerConfigurer : Global AuthenticationManager configured with UserDetailsService bean with name inMemoryUserDetailsManager
2026-07-16T13:14:02.708-05:00  INFO 26880 --- [sistema-ropa-backend] [           main] o.s.s.web.DefaultSecurityFilterChain     : Will secure any request with [org.springframework.security.web.session.DisableEncodeUrlFilter@26abee34, org.springframework.security.web.context.request.async.WebAsyncManagerIntegrationFilter@74aa29c7, org.springframework.security.web.context.SecurityContextHolderFilter@3ce34b92, org.springframework.security.web.header.HeaderWriterFilter@e8bd42f, org.springframework.web.filter.CorsFilter@7c8d382e, org.springframework.security.web.authentication.logout.LogoutFilter@5a1216b0, org.springframework.security.web.savedrequest.RequestCacheAwareFilter@1f02ce3, org.springframework.security.web.servletapi.SecurityContextHolderAwareRequestFilter@3287cf03, org.springframework.security.web.authentication.AnonymousAuthenticationFilter@751e7d99, org.springframework.security.web.session.SessionManagementFilter@36f2bfe6, org.springframework.security.web.access.ExceptionTranslationFilter@561e8bab, org.springframework.security.web.access.intercept.AuthorizationFilter@67d6b0a6]
2026-07-16T13:14:03.770-05:00  INFO 26880 --- [sistema-ropa-backend] [           main] o.s.b.w.embedded.tomcat.TomcatWebServer  : Tomcat started on port 8080 (http) with context path '/'
2026-07-16T13:14:03.773-05:00  INFO 26880 --- [sistema-ropa-backend] [           main] o.s.m.s.b.SimpleBrokerMessageHandler     : Starting...
2026-07-16T13:14:03.775-05:00  INFO 26880 --- [sistema-ropa-backend] [           main] o.s.m.s.b.SimpleBrokerMessageHandler     : BrokerAvailabilityEvent[available=true, SimpleBrokerMessageHandler [org.springframework.messaging.simp.broker.DefaultSubscriptionRegistry@13437ce5]]
2026-07-16T13:14:03.776-05:00  INFO 26880 --- [sistema-ropa-backend] [           main] o.s.m.s.b.SimpleBrokerMessageHandler     : Started.
2026-07-16T13:14:03.787-05:00  INFO 26880 --- [sistema-ropa-backend] [           main] com.tiendaropa.TiendaRopaApplication     : Started TiendaRopaApplication in 11.641 seconds (process running for 12.38)
2026-07-16T13:14:29.874-05:00  INFO 26880 --- [sistema-ropa-backend] [nio-8080-exec-1] o.a.c.c.C.[Tomcat].[localhost].[/]       : Initializing Spring DispatcherServlet 'dispatcherServlet'
2026-07-16T13:14:29.875-05:00  INFO 26880 --- [sistema-ropa-backend] [nio-8080-exec-1] o.s.web.servlet.DispatcherServlet        : Initializing Servlet 'dispatcherServlet'
2026-07-16T13:14:29.876-05:00  INFO 26880 --- [sistema-ropa-backend] [nio-8080-exec-1] o.s.web.servlet.DispatcherServlet        : Completed initialization in 1 ms
Hibernate: 
    select
        se1_0.id,
        se1_0.barrio,
        se1_0.cedula,
        se1_0.ciudad,
        se1_0.cliente_id,
        se1_0.created_at,
        se1_0.direccion,
        se1_0.estado,
        se1_0.nombre_completo,
        se1_0.notas,
        se1_0.telefono,
        se1_0.updated_at,
        se1_0.whatsapp 
    from
        solicitudes_envio se1_0 
    order by
        se1_0.created_at desc
Hibernate: 
    select
        se1_0.id,
        se1_0.barrio,
        se1_0.cedula,
        se1_0.ciudad,
        se1_0.cliente_id,
        se1_0.created_at,
        se1_0.direccion,
        se1_0.estado,
        se1_0.nombre_completo,
        se1_0.notas,
        se1_0.telefono,
        se1_0.updated_at,
        se1_0.whatsapp 
    from
        solicitudes_envio se1_0 
    where
        se1_0.estado=? 
    order by
        se1_0.created_at desc
2026-07-16T13:15:03.754-05:00  INFO 26880 --- [sistema-ropa-backend] [MessageBroker-1] o.s.w.s.c.WebSocketMessageBrokerStats    : WebSocketSession[0 current WS(0)-HttpStream(0)-HttpPoll(0), 0 total, 0 closed abnormally (0 connect failure, 0 send limit, 0 transport error)], stompSubProtocol[processed CONNECT(0)-CONNECTED(0)-DISCONNECT(0)], stompBrokerRelay[null], inboundChannel[pool size = 0, active threads = 0, queued tasks = 0, completed tasks = 0], outboundChannel[pool size = 0, active threads = 0, queued tasks = 0, completed tasks = 0], sockJsScheduler[pool size = 1, active threads = 1, queued tasks = 0, completed tasks = 0]
